[debug] [2026-07-17T22:40:32.504Z] ----------------------------------------------------------------------
[debug] [2026-07-17T22:40:32.506Z] Command:       C:\Program Files\nodejs\node.exe C:\Users\BrandCraftAccounting\AppData\Roaming\npm\node_modules\firebase-tools\lib\bin\firebase.js deploy
[debug] [2026-07-17T22:40:32.506Z] CLI Version:   15.24.0
[debug] [2026-07-17T22:40:32.506Z] Platform:      win32
[debug] [2026-07-17T22:40:32.506Z] Node Version:  v22.23.1
[debug] [2026-07-17T22:40:32.506Z] Detected Agent: unknown
[debug] [2026-07-17T22:40:32.506Z] Time:          Fri Jul 17 2026 17:40:32 GMT-0500 (Central Daylight Time)
[debug] [2026-07-17T22:40:32.507Z] ----------------------------------------------------------------------
[debug] 
[debug] [2026-07-17T22:40:33.924Z] > command requires scopes: ["email","openid","https://www.googleapis.com/auth/cloudplatformprojects.readonly","https://www.googleapis.com/auth/firebase","https://www.googleapis.com/auth/cloud-platform"]
[debug] [2026-07-17T22:40:33.924Z] > authorizing via signed-in user (techtaxcorp@gmail.com)
[debug] [2026-07-17T22:40:33.924Z] [iam] checking project techtaxcorp-307b9 for permissions ["firebase.projects.get","firebasehosting.sites.update"]
[debug] [2026-07-17T22:40:33.932Z] Checked if tokens are valid: true, expires at: 1784331557376
[debug] [2026-07-17T22:40:33.932Z] Checked if tokens are valid: true, expires at: 1784331557376
[debug] [2026-07-17T22:40:33.933Z] >>> [apiv2][query] POST https://cloudresourcemanager.googleapis.com/v1/projects/techtaxcorp-307b9:testIamPermissions [none]
[debug] [2026-07-17T22:40:33.933Z] >>> [apiv2][(partial)header] POST https://cloudresourcemanager.googleapis.com/v1/projects/techtaxcorp-307b9:testIamPermissions  x-goog-user-project=techtaxcorp-307b9
[debug] [2026-07-17T22:40:33.933Z] >>> [apiv2][body] POST https://cloudresourcemanager.googleapis.com/v1/projects/techtaxcorp-307b9:testIamPermissions {"permissions":["firebase.projects.get","firebasehosting.sites.update"]}
[debug] [2026-07-17T22:40:34.125Z] <<< [apiv2][status] POST https://cloudresourcemanager.googleapis.com/v1/projects/techtaxcorp-307b9:testIamPermissions 400
[debug] [2026-07-17T22:40:34.125Z] <<< [apiv2][body] POST https://cloudresourcemanager.googleapis.com/v1/projects/techtaxcorp-307b9:testIamPermissions {"error":{"code":400,"message":"Project 'projects/techtaxcorp-307b9' not found or deleted.","status":"INVALID_ARGUMENT","details":[{"@type":"type.googleapis.com/google.rpc.ErrorInfo","reason":"USER_PROJECT_DENIED","domain":"googleapis.com","metadata":{"consumer":"projects/techtaxcorp-307b9","service":"cloudresourcemanager.googleapis.com","containerInfo":"projects/techtaxcorp-307b9"}}]}}
[debug] [2026-07-17T22:40:34.125Z] [iam] error while checking permissions, command may fail: Request to https://cloudresourcemanager.googleapis.com/v1/projects/techtaxcorp-307b9:testIamPermissions had HTTP Error: 400, Project 'projects/techtaxcorp-307b9' not found or deleted.
[debug] [2026-07-17T22:40:34.126Z] Checked if tokens are valid: true, expires at: 1784331557376
[debug] [2026-07-17T22:40:34.126Z] Checked if tokens are valid: true, expires at: 1784331557376
[debug] [2026-07-17T22:40:34.126Z] >>> [apiv2][query] GET https://firebase.googleapis.com/v1beta1/projects/techtaxcorp-307b9 [none]
[debug] [2026-07-17T22:40:34.525Z] <<< [apiv2][status] GET https://firebase.googleapis.com/v1beta1/projects/techtaxcorp-307b9 403
[debug] [2026-07-17T22:40:34.525Z] <<< [apiv2][body] GET https://firebase.googleapis.com/v1beta1/projects/techtaxcorp-307b9 {"error":{"code":403,"message":"The caller does not have permission","status":"PERMISSION_DENIED"}}
[debug] [2026-07-17T22:40:34.525Z] Request to https://firebase.googleapis.com/v1beta1/projects/techtaxcorp-307b9 had HTTP Error: 403, The caller does not have permission
[debug] [2026-07-17T22:40:34.696Z] FirebaseError: Request to https://firebase.googleapis.com/v1beta1/projects/techtaxcorp-307b9 had HTTP Error: 403, The caller does not have permission
    at responseToError (C:\Users\BrandCraftAccounting\AppData\Roaming\npm\node_modules\firebase-tools\lib\responseToError.js:53:12)
    at RetryOperation._fn (C:\Users\BrandCraftAccounting\AppData\Roaming\npm\node_modules\firebase-tools\lib\apiv2.js:415:77)
    at process.processTicksAndRejections (node:internal/process/task_queues:103:5)
[error] 
[error] Error: Failed to get Firebase project techtaxcorp-307b9. Please make sure the project exists and your account has permission to access it.
