[debug] [2026-05-11T23:40:40.652Z] ----------------------------------------------------------------------
[debug] [2026-05-11T23:40:40.655Z] Command:       C:\Program Files\nodejs\node.exe C:\Users\BrandCraftAccounting\AppData\Roaming\npm\node_modules\firebase-tools\lib\bin\firebase.js deploy --only hosting
[debug] [2026-05-11T23:40:40.655Z] CLI Version:   15.15.0
[debug] [2026-05-11T23:40:40.655Z] Platform:      win32
[debug] [2026-05-11T23:40:40.655Z] Node Version:  v24.12.0
[debug] [2026-05-11T23:40:40.655Z] Time:          Mon May 11 2026 18:40:40 GMT-0500 (Central Daylight Time)
[debug] [2026-05-11T23:40:40.655Z] ----------------------------------------------------------------------
[debug] 
[debug] [2026-05-11T23:40:40.656Z] >>> [apiv2][query] GET https://firebase-public.firebaseio.com/cli.json [none]
[debug] [2026-05-11T23:40:43.665Z] > command requires scopes: ["email","openid","https://www.googleapis.com/auth/cloudplatformprojects.readonly","https://www.googleapis.com/auth/firebase","https://www.googleapis.com/auth/cloud-platform"]
[debug] [2026-05-11T23:40:43.666Z] > authorizing via signed-in user (techtaxcorp@gmail.com)
[debug] [2026-05-11T23:40:43.666Z] [iam] checking project techtaxcorp-b36a1 for permissions ["firebase.projects.get","firebasehosting.sites.update"]
[debug] [2026-05-11T23:40:43.669Z] Checked if tokens are valid: false, expires at: 1776871930443
[debug] [2026-05-11T23:40:43.669Z] Checked if tokens are valid: false, expires at: 1776871930443
[debug] [2026-05-11T23:40:43.669Z] > refreshing access token with scopes: []
[debug] [2026-05-11T23:40:43.672Z] >>> [apiv2][query] POST https://www.googleapis.com/oauth2/v3/token [none]
[debug] [2026-05-11T23:40:43.672Z] >>> [apiv2][body] POST https://www.googleapis.com/oauth2/v3/token [omitted]
[debug] [2026-05-11T23:40:43.820Z] <<< [apiv2][status] GET https://firebase-public.firebaseio.com/cli.json 200
[debug] [2026-05-11T23:40:43.820Z] <<< [apiv2][body] GET https://firebase-public.firebaseio.com/cli.json {"cloudBuildErrorAfter":1594252800000,"cloudBuildWarnAfter":1590019200000,"defaultNode10After":1594252800000,"minVersion":"3.0.5","node8DeploysDisabledAfter":1613390400000,"node8RuntimeDisabledAfter":1615809600000,"node8WarnAfter":1600128000000}
[debug] [2026-05-11T23:40:43.874Z] <<< [apiv2][status] POST https://www.googleapis.com/oauth2/v3/token 200
[debug] [2026-05-11T23:40:43.874Z] <<< [apiv2][body] POST https://www.googleapis.com/oauth2/v3/token [omitted]
[debug] [2026-05-11T23:40:43.886Z] >>> [apiv2][query] POST https://cloudresourcemanager.googleapis.com/v1/projects/techtaxcorp-b36a1:testIamPermissions [none]
[debug] [2026-05-11T23:40:43.886Z] >>> [apiv2][(partial)header] POST https://cloudresourcemanager.googleapis.com/v1/projects/techtaxcorp-b36a1:testIamPermissions  x-goog-user-project=techtaxcorp-b36a1
[debug] [2026-05-11T23:40:43.886Z] >>> [apiv2][body] POST https://cloudresourcemanager.googleapis.com/v1/projects/techtaxcorp-b36a1:testIamPermissions {"permissions":["firebase.projects.get","firebasehosting.sites.update"]}
[debug] [2026-05-11T23:40:44.182Z] <<< [apiv2][status] POST https://cloudresourcemanager.googleapis.com/v1/projects/techtaxcorp-b36a1:testIamPermissions 400
[debug] [2026-05-11T23:40:44.182Z] <<< [apiv2][body] POST https://cloudresourcemanager.googleapis.com/v1/projects/techtaxcorp-b36a1:testIamPermissions {"error":{"code":400,"message":"Project 'projects/techtaxcorp-b36a1' not found or deleted.","status":"INVALID_ARGUMENT","details":[{"@type":"type.googleapis.com/google.rpc.ErrorInfo","reason":"USER_PROJECT_DENIED","domain":"googleapis.com","metadata":{"containerInfo":"projects/techtaxcorp-b36a1","consumer":"projects/techtaxcorp-b36a1","service":"cloudresourcemanager.googleapis.com"}}]}}
[debug] [2026-05-11T23:40:44.185Z] [iam] error while checking permissions, command may fail: Request to https://cloudresourcemanager.googleapis.com/v1/projects/techtaxcorp-b36a1:testIamPermissions had HTTP Error: 400, Project 'projects/techtaxcorp-b36a1' not found or deleted.
[debug] [2026-05-11T23:40:44.187Z] Checked if tokens are valid: true, expires at: 1778546442874
[debug] [2026-05-11T23:40:44.187Z] Checked if tokens are valid: true, expires at: 1778546442874
[debug] [2026-05-11T23:40:44.187Z] >>> [apiv2][query] GET https://firebase.googleapis.com/v1beta1/projects/techtaxcorp-b36a1 [none]
[debug] [2026-05-11T23:40:44.690Z] <<< [apiv2][status] GET https://firebase.googleapis.com/v1beta1/projects/techtaxcorp-b36a1 403
[debug] [2026-05-11T23:40:44.690Z] <<< [apiv2][body] GET https://firebase.googleapis.com/v1beta1/projects/techtaxcorp-b36a1 {"error":{"code":403,"message":"The caller does not have permission","status":"PERMISSION_DENIED"}}
[debug] [2026-05-11T23:40:44.691Z] Request to https://firebase.googleapis.com/v1beta1/projects/techtaxcorp-b36a1 had HTTP Error: 403, The caller does not have permission
[debug] [2026-05-11T23:40:44.866Z] FirebaseError: Request to https://firebase.googleapis.com/v1beta1/projects/techtaxcorp-b36a1 had HTTP Error: 403, The caller does not have permission
    at responseToError (C:\Users\BrandCraftAccounting\AppData\Roaming\npm\node_modules\firebase-tools\lib\responseToError.js:53:12)
    at RetryOperation._fn (C:\Users\BrandCraftAccounting\AppData\Roaming\npm\node_modules\firebase-tools\lib\apiv2.js:333:77)
    at process.processTicksAndRejections (node:internal/process/task_queues:103:5)
[error] 
[error] Error: Failed to get Firebase project techtaxcorp-b36a1. Please make sure the project exists and your account has permission to access it.
